[debug] [2021-05-14T10:15:31.542Z] ----------------------------------------------------------------------
[debug] [2021-05-14T10:15:31.544Z] Command:       D:\node.exe C:\Users\User\AppData\Roaming\npm\node_modules\firebase-tools\lib\bin\firebase.js init
[debug] [2021-05-14T10:15:31.544Z] CLI Version:   9.10.2
[debug] [2021-05-14T10:15:31.544Z] Platform:      win32
[debug] [2021-05-14T10:15:31.544Z] Node Version:  v14.17.0
[debug] [2021-05-14T10:15:31.545Z] Time:          Fri May 14 2021 15:45:31 GMT+0530 (India Standard Time)
[debug] [2021-05-14T10:15:31.545Z] ----------------------------------------------------------------------
[debug] 
[debug] [2021-05-14T10:15:31.549Z] > command requires scopes: ["email","openid","https://www.googleapis.com/auth/cloudplatformprojects.readonly","https://www.googleapis.com/auth/firebase","https://www.googleapis.com/auth/cloud-platform"]
[debug] [2021-05-14T10:15:31.550Z] > authorizing via signed-in user (tridevansh.160601@gmail.com)
[info] 
     ######## #### ########  ######## ########     ###     ######  ########
     ##        ##  ##     ## ##       ##     ##  ##   ##  ##       ##
     ######    ##  ########  ######   ########  #########  ######  ######
     ##        ##  ##    ##  ##       ##     ## ##     ##       ## ##
     ##       #### ##     ## ######## ########  ##     ##  ######  ########

You're about to initialize a Firebase project in this directory:

  C:\Users\User\OneDrive\Documents\GCP\Badge Generator

[info] 
=== Project Setup
[info] 
[info] First, let's associate this project directory with a Firebase project.
[info] You can create multiple project aliases by running firebase use --add, 
[info] but for now we'll just set up a default project.
[info] 
[debug] [2021-05-14T10:16:02.127Z] >>> [apiv2][query] GET https://firebase.googleapis.com/v1beta1/projects pageSize=100
[debug] [2021-05-14T10:16:08.552Z] <<< [apiv2][status] GET https://firebase.googleapis.com/v1beta1/projects 200
[debug] [2021-05-14T10:16:08.552Z] <<< [apiv2][body] GET https://firebase.googleapis.com/v1beta1/projects [omitted]
[info] i  Using project badge-gcp (badge-gcp) 
[info] 
=== Hosting Setup
[info] 
[info] Your public directory is the folder (relative to your project directory) that
[info] will contain Hosting assets to be uploaded with firebase deploy. If you
[info] have a build process for your assets, use your build's output directory.
[info] 
[info] +  Wrote public/404.html 
[debug] [2021-05-14T10:17:58.370Z] >>> [apiv2][query] GET https://www.gstatic.com/firebasejs/releases.json [none]
[debug] [2021-05-14T10:18:01.479Z] <<< [apiv2][status] GET https://www.gstatic.com/firebasejs/releases.json 200
[debug] [2021-05-14T10:18:01.479Z] <<< [apiv2][body] GET https://www.gstatic.com/firebasejs/releases.json {"current":{"version":"8.6.1","browserURL":"https://www.gstatic.com/firebasejs/8.6.1/firebase.js","packageURL":"https://www.gstatic.com/firebasejs/8.6.1/firebase.tgz"},"live":{"version":"8.6","browserURL":"https://www.gstatic.com/firebasejs/live/8.6/firebase.js","packageURL":"https://www.gstatic.com/firebasejs/live/8.6/firebase.tgz"},"components":{"analytics":"https://www.gstatic.com/firebasejs/8.6.1/firebase-analytics.js","app":"https://www.gstatic.com/firebasejs/8.6.1/firebase-app.js","app-check":"https://www.gstatic.com/firebasejs/8.6.1/firebase-app-check.js","auth":"https://www.gstatic.com/firebasejs/8.6.1/firebase-auth.js","database":"https://www.gstatic.com/firebasejs/8.6.1/firebase-database.js","firestore":"https://www.gstatic.com/firebasejs/8.6.1/firebase-firestore.js","functions":"https://www.gstatic.com/firebasejs/8.6.1/firebase-functions.js","installations":"https://www.gstatic.com/firebasejs/8.6.1/firebase-installations.js","messaging":"https://www.gstatic.com/firebasejs/8.6.1/firebase-messaging.js","storage":"https://www.gstatic.com/firebasejs/8.6.1/firebase-storage.js","performance":"https://www.gstatic.com/firebasejs/8.6.1/firebase-performance.js","remote-config":"https://www.gstatic.com/firebasejs/8.6.1/firebase-remote-config.js","firestore.memory":"https://www.gstatic.com/firebasejs/8.6.1/firebase-firestore.memory.js"}}
[info] i  Skipping write of public/index.html 
[info] 
[info] i  Didn't detect a .git folder. Assuming C:\Users\User\OneDrive\Documents\GCP\Badge Generator is the project root. 
[info] i  Authorizing with GitHub to upload your service account to a GitHub repository's secrets store. 
[info] 
[info] Visit this URL on this device to log in:
[info] https://github.com/login/oauth/authorize?client_id=89cf50f02ac6aaed3484&state=361655093&redirect_uri=http%3A%2F%2Flocalhost%3A9005&scope=read%3Auser%20repo%20public_repo
[info] 
[info] Waiting for authentication...
[debug] [2021-05-14T10:18:19.685Z] >>> HTTP REQUEST POST https://github.com/login/oauth/access_token  
 {"client_id":"89cf50f02ac6aaed3484","client_secret":"3330d14abc895d9a74d5f17cd7a00711fa2c5bf0","code":"d818fc43017f73164bee","redirect_uri":"http://localhost:9005","state":"361655093"}
[debug] [2021-05-14T10:18:22.954Z] <<< HTTP RESPONSE 200 {"server":"GitHub.com","date":"Fri, 14 May 2021 10:18:23 GMT","content-type":"application/json; charset=utf-8","transfer-encoding":"chunked","vary":"X-PJAX, Accept-Encoding, Accept, X-Requested-With","permissions-policy":"interest-cohort=()","etag":"W/\"ab97485c613566e91d262786f67b0972\"","cache-control":"max-age=0, private, must-revalidate","strict-transport-security":"max-age=31536000; includeSubdomains; preload","x-frame-options":"deny","x-content-type-options":"nosniff","x-xss-protection":"0","referrer-policy":"origin-when-cross-origin, strict-origin-when-cross-origin","expect-ct":"max-age=2592000, report-uri=\"https://api.github.com/_private/browser/errors\"","content-security-policy":"default-src 'none'; base-uri 'self'; block-all-mixed-content; connect-src 'self' uploads.github.com www.githubstatus.com collector.githubapp.com api.github.com github-cloud.s3.amazonaws.com github-production-repository-file-5c1aeb.s3.amazonaws.com github-production-upload-manifest-file-7fdce7.s3.amazonaws.com github-production-user-asset-6210df.s3.amazonaws.com cdn.optimizely.com logx.optimizely.com/v1/events wss://alive.github.com; font-src github.githubassets.com; form-action 'self' github.com gist.github.com; frame-ancestors 'none'; frame-src render.githubusercontent.com; img-src 'self' data: github.githubassets.com identicons.github.com collector.githubapp.com github-cloud.s3.amazonaws.com secured-user-images.githubusercontent.com/ *.githubusercontent.com; manifest-src 'self'; media-src 'none'; script-src github.githubassets.com; style-src 'unsafe-inline' github.githubassets.com; worker-src github.com/socket-worker-3f088aa2.js gist.github.com/socket-worker-3f088aa2.js","x-github-request-id":"7667:4174:C389D:D13C3:609E4E6E"}
[debug] [2021-05-14T10:18:22.963Z] >>> [apiv2][query] GET https://api.github.com/user [none]
[debug] [2021-05-14T10:18:26.349Z] <<< [apiv2][status] GET https://api.github.com/user 200
[debug] [2021-05-14T10:18:26.350Z] <<< [apiv2][body] GET https://api.github.com/user {"login":"Devansh-Trivedi","id":60578921,"node_id":"MDQ6VXNlcjYwNTc4OTIx","avatar_url":"https://avatars.githubusercontent.com/u/60578921?v=4","gravatar_id":"","url":"https://api.github.com/users/Devansh-Trivedi","html_url":"https://github.com/Devansh-Trivedi","followers_url":"https://api.github.com/users/Devansh-Trivedi/followers","following_url":"https://api.github.com/users/Devansh-Trivedi/following{/other_user}","gists_url":"https://api.github.com/users/Devansh-Trivedi/gists{/gist_id}","starred_url":"https://api.github.com/users/Devansh-Trivedi/starred{/owner}{/repo}","subscriptions_url":"https://api.github.com/users/Devansh-Trivedi/subscriptions","organizations_url":"https://api.github.com/users/Devansh-Trivedi/orgs","repos_url":"https://api.github.com/users/Devansh-Trivedi/repos","events_url":"https://api.github.com/users/Devansh-Trivedi/events{/privacy}","received_events_url":"https://api.github.com/users/Devansh-Trivedi/received_events","type":"User","site_admin":false,"name":"Devansh Trivedi","company":null,"blog":"https://devansh-trivedi.netlify.app/","location":"Mumbai, India","email":null,"hireable":null,"bio":"Data Science Enthusiast 🔹 Machine Learning 🔹 Cloud 🔹 Android Development 🔹 Web Development","twitter_username":"_DevanshTrivedi","public_repos":28,"public_gists":0,"followers":1,"following":0,"created_at":"2020-02-02T17:10:15Z","updated_at":"2021-05-14T10:18:19Z","private_gists":0,"total_private_repos":1,"owned_private_repos":1,"disk_usage":172456,"collaborators":0,"two_factor_authentication":false,"plan":{"name":"free","space":976562499,"collaborators":0,"private_repos":10000}}
[info] 
[info] +  Success! Logged into GitHub as Devansh-Trivedi 
[info] 
